1_aaa	1
1_aaaaa	2
1_aaaaaahhhhhyaaaaaa	1
1_aaaaawhere	1
1_aaaahhhhhh	1
1_aaah	1
1_aachen	3
1_aachener	2
1_aafco	15
1_aamazoncom	1
1_aamzonbr	1
1_aap	4
1_aargh	1
1_aas	1
1_aasanfoodcom	1
1_aauces	1
1_aback	6
1_abalone	2
1_abandon	9
1_abandoned	13
1_abandonedbr	2
1_abated	2
1_abbey	2
1_abbott	1
1_abbreviating	1
1_abby	1
1_abc	32
1_abcs	2
1_abctoyme	4
1_abdomen	6
1_abdominal	64
1_abe	2
1_abel	1
1_aberrant	2
1_aberration	5
1_aberrations	1
1_abhor	3
1_abhorant	1
1_abhorrent	2
1_abide	1
1_abiding	1
1_abietatebr	1
1_abilities	2
1_abilitiesbr	1
1_ability	84
1_abject	1
1_able	1159
1_abletate	1
1_abnormal	6
1_abnormalities	11
